<?xml version="1.0" encoding="UTF-8"?>
<!-- Generated by org.testng.reporters.JUnitXMLReporter -->
<testsuite ignored="4" hostname="DESKTOP-GD1461M" failures="0" tests="4" name="Test" time="82.754" errors="0" timestamp="2025-09-18T16:50:23 IST">
  <testcase classname="com.ninza.crm.campaigntest.CreateCampaignTest" name="createCampaignWithCampaignStatusTest" time="4.183"/>
  <testcase classname="com.ninza.crm.campaigntest.CreateCampaignTest" name="createCampaignWithExpectedClosseDateTest" time="3.32"/>
  <testcase classname="com.ninza.crm.campaigntest.CreateCampaignTest" name="createCampaignWithMandatoryFieldTest" time="2.761"/>
  <testcase classname="com.ninza.crm.producttest.CreateProductTest" name="CreateProductWithMandatoryFieldTest" time="16.801"/>
  <testcase classname="baseclass.baseclass" name="@BeforeTest beforeTest" time="0.0">
    <ignored/>
  </testcase> <!-- @BeforeTest beforeTest -->
  <testcase classname="baseclass.baseclass" name="@AfterSuite afterSuite" time="0.0">
    <ignored/>
  </testcase> <!-- @AfterSuite afterSuite -->
  <testcase classname="baseclass.baseclass" name="@BeforeSuite beforeSuite" time="0.0">
    <ignored/>
  </testcase> <!-- @BeforeSuite beforeSuite -->
  <testcase classname="baseclass.baseclass" name="@AfterTest afterTest" time="0.0">
    <ignored/>
  </testcase> <!-- @AfterTest afterTest -->
</testsuite> <!-- Test -->
