<?xml version="1.0" encoding="UTF-8"?>
<testng-results ignored="0" total="4" passed="4" failed="0" skipped="0">
  <reporter-output>
  </reporter-output>
  <suite started-at="2025-09-18T16:49:00 IST" name="Suite" finished-at="2025-09-18T16:50:23 IST" duration-ms="82754">
    <groups>
      <group name="Regression">
        <method signature="CreateCampaignTest.createCampaignWithExpectedClosseDateTest()[pri:0, instance:com.ninza.crm.campaigntest.CreateCampaignTest@2177849e]" name="createCampaignWithExpectedClosseDateTest" class="com.ninza.crm.campaigntest.CreateCampaignTest"/>
        <method signature="CreateProductTest.CreateProductWithMandatoryFieldTest()[pri:0, instance:com.ninza.crm.producttest.CreateProductTest@3315d2d7]" name="CreateProductWithMandatoryFieldTest" class="com.ninza.crm.producttest.CreateProductTest"/>
      </group> <!-- Regression -->
      <group name="Smoke">
        <method signature="CreateCampaignTest.createCampaignWithCampaignStatusTest()[pri:0, instance:com.ninza.crm.campaigntest.CreateCampaignTest@2177849e]" name="createCampaignWithCampaignStatusTest" class="com.ninza.crm.campaigntest.CreateCampaignTest"/>
        <method signature="CreateCampaignTest.createCampaignWithMandatoryFieldTest()[pri:0, instance:com.ninza.crm.campaigntest.CreateCampaignTest@2177849e]" name="createCampaignWithMandatoryFieldTest" class="com.ninza.crm.campaigntest.CreateCampaignTest"/>
        <method signature="CreateProductTest.CreateProductWithMandatoryFieldTest()[pri:0, instance:com.ninza.crm.producttest.CreateProductTest@3315d2d7]" name="CreateProductWithMandatoryFieldTest" class="com.ninza.crm.producttest.CreateProductTest"/>
      </group> <!-- Smoke -->
    </groups>
    <test started-at="2025-09-18T16:49:00 IST" name="Test" finished-at="2025-09-18T16:50:23 IST" duration-ms="82754">
      <class name="com.ninza.crm.campaigntest.CreateCampaignTest">
        <test-method is-config="true" signature="beforeSuite()[pri:0, instance:com.ninza.crm.campaigntest.CreateCampaignTest@2177849e]" started-at="2025-09-18T16:49:00 IST" name="beforeSuite" finished-at="2025-09-18T16:49:00 IST" duration-ms="26" status="PASS">
          <reporter-output>
          </reporter-output>
        </test-method> <!-- beforeSuite -->
        <test-method is-config="true" signature="beforeTest()[pri:0, instance:com.ninza.crm.campaigntest.CreateCampaignTest@2177849e]" started-at="2025-09-18T16:49:00 IST" name="beforeTest" finished-at="2025-09-18T16:49:00 IST" duration-ms="6" status="PASS">
          <reporter-output>
          </reporter-output>
        </test-method> <!-- beforeTest -->
        <test-method is-config="true" signature="beforeClass()[pri:0, instance:com.ninza.crm.campaigntest.CreateCampaignTest@2177849e]" started-at="2025-09-18T16:49:00 IST" name="beforeClass" finished-at="2025-09-18T16:49:43 IST" duration-ms="42943" status="PASS">
          <reporter-output>
          </reporter-output>
        </test-method> <!-- beforeClass -->
        <test-method is-config="true" signature="beforeMethod()[pri:0, instance:com.ninza.crm.campaigntest.CreateCampaignTest@2177849e]" started-at="2025-09-18T16:49:43 IST" name="beforeMethod" finished-at="2025-09-18T16:49:45 IST" duration-ms="2343" status="PASS">
          <reporter-output>
          </reporter-output>
        </test-method> <!-- beforeMethod -->
        <test-method signature="createCampaignWithCampaignStatusTest()[pri:0, instance:com.ninza.crm.campaigntest.CreateCampaignTest@2177849e]" started-at="2025-09-18T16:49:45 IST" name="createCampaignWithCampaignStatusTest" finished-at="2025-09-18T16:49:50 IST" duration-ms="4183" status="PASS">
          <reporter-output>
          </reporter-output>
        </test-method> <!-- createCampaignWithCampaignStatusTest -->
        <test-method is-config="true" signature="afterMethod()[pri:0, instance:com.ninza.crm.campaigntest.CreateCampaignTest@2177849e]" started-at="2025-09-18T16:49:50 IST" name="afterMethod" finished-at="2025-09-18T16:49:50 IST" duration-ms="5" status="PASS">
          <reporter-output>
          </reporter-output>
        </test-method> <!-- afterMethod -->
        <test-method is-config="true" signature="beforeMethod()[pri:0, instance:com.ninza.crm.campaigntest.CreateCampaignTest@2177849e]" started-at="2025-09-18T16:49:50 IST" name="beforeMethod" finished-at="2025-09-18T16:49:52 IST" duration-ms="2126" status="PASS">
          <reporter-output>
          </reporter-output>
        </test-method> <!-- beforeMethod -->
        <test-method signature="createCampaignWithExpectedClosseDateTest()[pri:0, instance:com.ninza.crm.campaigntest.CreateCampaignTest@2177849e]" started-at="2025-09-18T16:49:52 IST" name="createCampaignWithExpectedClosseDateTest" finished-at="2025-09-18T16:49:55 IST" duration-ms="3320" status="PASS">
          <reporter-output>
          </reporter-output>
        </test-method> <!-- createCampaignWithExpectedClosseDateTest -->
        <test-method is-config="true" signature="afterMethod()[pri:0, instance:com.ninza.crm.campaigntest.CreateCampaignTest@2177849e]" started-at="2025-09-18T16:49:55 IST" name="afterMethod" finished-at="2025-09-18T16:49:55 IST" duration-ms="4" status="PASS">
          <reporter-output>
          </reporter-output>
        </test-method> <!-- afterMethod -->
        <test-method is-config="true" signature="beforeMethod()[pri:0, instance:com.ninza.crm.campaigntest.CreateCampaignTest@2177849e]" started-at="2025-09-18T16:49:55 IST" name="beforeMethod" finished-at="2025-09-18T16:49:57 IST" duration-ms="1524" status="PASS">
          <reporter-output>
          </reporter-output>
        </test-method> <!-- beforeMethod -->
        <test-method signature="createCampaignWithMandatoryFieldTest()[pri:0, instance:com.ninza.crm.campaigntest.CreateCampaignTest@2177849e]" started-at="2025-09-18T16:49:57 IST" name="createCampaignWithMandatoryFieldTest" finished-at="2025-09-18T16:49:59 IST" duration-ms="2761" status="PASS">
          <reporter-output>
          </reporter-output>
        </test-method> <!-- createCampaignWithMandatoryFieldTest -->
        <test-method is-config="true" signature="afterMethod()[pri:0, instance:com.ninza.crm.campaigntest.CreateCampaignTest@2177849e]" started-at="2025-09-18T16:49:59 IST" name="afterMethod" finished-at="2025-09-18T16:49:59 IST" duration-ms="10" status="PASS">
          <reporter-output>
          </reporter-output>
        </test-method> <!-- afterMethod -->
        <test-method is-config="true" signature="afterClass()[pri:0, instance:com.ninza.crm.campaigntest.CreateCampaignTest@2177849e]" started-at="2025-09-18T16:49:59 IST" name="afterClass" finished-at="2025-09-18T16:50:00 IST" duration-ms="475" status="PASS">
          <reporter-output>
          </reporter-output>
        </test-method> <!-- afterClass -->
        <test-method is-config="true" signature="afterTest()[pri:0, instance:com.ninza.crm.campaigntest.CreateCampaignTest@2177849e]" started-at="2025-09-18T16:50:23 IST" name="afterTest" finished-at="2025-09-18T16:50:23 IST" duration-ms="1" status="PASS">
          <reporter-output>
          </reporter-output>
        </test-method> <!-- afterTest -->
        <test-method is-config="true" signature="afterSuite()[pri:0, instance:com.ninza.crm.campaigntest.CreateCampaignTest@2177849e]" started-at="2025-09-18T16:50:23 IST" name="afterSuite" finished-at="2025-09-18T16:50:23 IST" duration-ms="1" status="PASS">
          <reporter-output>
          </reporter-output>
        </test-method> <!-- afterSuite -->
      </class> <!-- com.ninza.crm.campaigntest.CreateCampaignTest -->
      <class name="com.ninza.crm.producttest.CreateProductTest">
        <test-method is-config="true" signature="beforeClass()[pri:0, instance:com.ninza.crm.producttest.CreateProductTest@3315d2d7]" started-at="2025-09-18T16:50:00 IST" name="beforeClass" finished-at="2025-09-18T16:50:03 IST" duration-ms="3619" status="PASS">
          <reporter-output>
          </reporter-output>
        </test-method> <!-- beforeClass -->
        <test-method is-config="true" signature="beforeMethod()[pri:0, instance:com.ninza.crm.producttest.CreateProductTest@3315d2d7]" started-at="2025-09-18T16:50:03 IST" name="beforeMethod" finished-at="2025-09-18T16:50:06 IST" duration-ms="2479" status="PASS">
          <reporter-output>
          </reporter-output>
        </test-method> <!-- beforeMethod -->
        <test-method signature="CreateProductWithMandatoryFieldTest()[pri:0, instance:com.ninza.crm.producttest.CreateProductTest@3315d2d7]" started-at="2025-09-18T16:50:06 IST" name="CreateProductWithMandatoryFieldTest" finished-at="2025-09-18T16:50:23 IST" duration-ms="16801" status="PASS">
          <reporter-output>
          </reporter-output>
        </test-method> <!-- CreateProductWithMandatoryFieldTest -->
        <test-method is-config="true" signature="afterMethod()[pri:0, instance:com.ninza.crm.producttest.CreateProductTest@3315d2d7]" started-at="2025-09-18T16:50:23 IST" name="afterMethod" finished-at="2025-09-18T16:50:23 IST" duration-ms="2" status="PASS">
          <reporter-output>
          </reporter-output>
        </test-method> <!-- afterMethod -->
        <test-method is-config="true" signature="afterClass()[pri:0, instance:com.ninza.crm.producttest.CreateProductTest@3315d2d7]" started-at="2025-09-18T16:50:23 IST" name="afterClass" finished-at="2025-09-18T16:50:23 IST" duration-ms="1" status="PASS">
          <reporter-output>
          </reporter-output>
        </test-method> <!-- afterClass -->
      </class> <!-- com.ninza.crm.producttest.CreateProductTest -->
    </test> <!-- Test -->
  </suite> <!-- Suite -->
</testng-results>
