<?xml version="1.0" encoding="UTF-8"?>
<testng-results ignored="0" total="4" passed="4" failed="0" skipped="0">
  <reporter-output>
  </reporter-output>
  <suite started-at="2025-09-18T17:31:49 IST" name="Suite" finished-at="2025-09-18T17:32:50 IST" duration-ms="61049">
    <groups>
      <group name="Regression">
        <method signature="CreateCampaignTest.createCampaignWithExpectedClosseDateTest()[pri:0, instance:com.ninza.crm.campaigntest.CreateCampaignTest@d6e7bab]" name="createCampaignWithExpectedClosseDateTest" class="com.ninza.crm.campaigntest.CreateCampaignTest"/>
        <method signature="CreateProductTest.CreateProductWithMandatoryFieldTest()[pri:0, instance:com.ninza.crm.producttest.CreateProductTest@1649b0e6]" name="CreateProductWithMandatoryFieldTest" class="com.ninza.crm.producttest.CreateProductTest"/>
        <method signature="CreateCampaignTest.createCampaignWithExpectedClosseDateTest()[pri:0, instance:com.ninza.crm.campaigntest.CreateCampaignTest@22e357dc]" name="createCampaignWithExpectedClosseDateTest" class="com.ninza.crm.campaigntest.CreateCampaignTest"/>
        <method signature="CreateProductTest.CreateProductWithMandatoryFieldTest()[pri:0, instance:com.ninza.crm.producttest.CreateProductTest@49912c99]" name="CreateProductWithMandatoryFieldTest" class="com.ninza.crm.producttest.CreateProductTest"/>
      </group> <!-- Regression -->
      <group name="Smoke">
        <method signature="CreateCampaignTest.createCampaignWithCampaignStatusTest()[pri:0, instance:com.ninza.crm.campaigntest.CreateCampaignTest@d6e7bab]" name="createCampaignWithCampaignStatusTest" class="com.ninza.crm.campaigntest.CreateCampaignTest"/>
        <method signature="CreateCampaignTest.createCampaignWithMandatoryFieldTest()[pri:0, instance:com.ninza.crm.campaigntest.CreateCampaignTest@d6e7bab]" name="createCampaignWithMandatoryFieldTest" class="com.ninza.crm.campaigntest.CreateCampaignTest"/>
        <method signature="CreateProductTest.CreateProductWithMandatoryFieldTest()[pri:0, instance:com.ninza.crm.producttest.CreateProductTest@1649b0e6]" name="CreateProductWithMandatoryFieldTest" class="com.ninza.crm.producttest.CreateProductTest"/>
        <method signature="CreateCampaignTest.createCampaignWithCampaignStatusTest()[pri:0, instance:com.ninza.crm.campaigntest.CreateCampaignTest@22e357dc]" name="createCampaignWithCampaignStatusTest" class="com.ninza.crm.campaigntest.CreateCampaignTest"/>
        <method signature="CreateCampaignTest.createCampaignWithMandatoryFieldTest()[pri:0, instance:com.ninza.crm.campaigntest.CreateCampaignTest@22e357dc]" name="createCampaignWithMandatoryFieldTest" class="com.ninza.crm.campaigntest.CreateCampaignTest"/>
        <method signature="CreateProductTest.CreateProductWithMandatoryFieldTest()[pri:0, instance:com.ninza.crm.producttest.CreateProductTest@49912c99]" name="CreateProductWithMandatoryFieldTest" class="com.ninza.crm.producttest.CreateProductTest"/>
      </group> <!-- Smoke -->
    </groups>
    <test started-at="2025-09-18T17:31:49 IST" name="Test1" finished-at="2025-09-18T17:32:50 IST" duration-ms="61049">
      <class name="com.ninza.crm.campaigntest.CreateCampaignTest">
        <test-method is-config="true" signature="beforeTest()[pri:0, instance:com.ninza.crm.campaigntest.CreateCampaignTest@d6e7bab]" started-at="2025-09-18T17:31:49 IST" name="beforeTest" finished-at="2025-09-18T17:31:49 IST" duration-ms="2" status="PASS">
          <reporter-output>
          </reporter-output>
        </test-method> <!-- beforeTest -->
        <test-method is-config="true" signature="beforeClass()[pri:0, instance:com.ninza.crm.campaigntest.CreateCampaignTest@d6e7bab]" started-at="2025-09-18T17:31:49 IST" name="beforeClass" finished-at="2025-09-18T17:31:55 IST" duration-ms="6752" status="PASS">
          <reporter-output>
          </reporter-output>
        </test-method> <!-- beforeClass -->
        <test-method is-config="true" signature="beforeMethod()[pri:0, instance:com.ninza.crm.campaigntest.CreateCampaignTest@d6e7bab]" started-at="2025-09-18T17:31:55 IST" name="beforeMethod" finished-at="2025-09-18T17:32:02 IST" duration-ms="6700" status="PASS">
          <reporter-output>
          </reporter-output>
        </test-method> <!-- beforeMethod -->
        <test-method signature="createCampaignWithCampaignStatusTest()[pri:0, instance:com.ninza.crm.campaigntest.CreateCampaignTest@d6e7bab]" started-at="2025-09-18T17:32:02 IST" name="createCampaignWithCampaignStatusTest" finished-at="2025-09-18T17:32:10 IST" duration-ms="7554" status="PASS">
          <reporter-output>
          </reporter-output>
        </test-method> <!-- createCampaignWithCampaignStatusTest -->
        <test-method is-config="true" signature="afterMethod()[pri:0, instance:com.ninza.crm.campaigntest.CreateCampaignTest@d6e7bab]" started-at="2025-09-18T17:32:10 IST" name="afterMethod" finished-at="2025-09-18T17:32:10 IST" duration-ms="7" status="PASS">
          <reporter-output>
          </reporter-output>
        </test-method> <!-- afterMethod -->
        <test-method is-config="true" signature="beforeMethod()[pri:0, instance:com.ninza.crm.campaigntest.CreateCampaignTest@d6e7bab]" started-at="2025-09-18T17:32:10 IST" name="beforeMethod" finished-at="2025-09-18T17:32:13 IST" duration-ms="3094" status="PASS">
          <reporter-output>
          </reporter-output>
        </test-method> <!-- beforeMethod -->
        <test-method signature="createCampaignWithExpectedClosseDateTest()[pri:0, instance:com.ninza.crm.campaigntest.CreateCampaignTest@d6e7bab]" started-at="2025-09-18T17:32:13 IST" name="createCampaignWithExpectedClosseDateTest" finished-at="2025-09-18T17:32:16 IST" duration-ms="2757" status="PASS">
          <reporter-output>
          </reporter-output>
        </test-method> <!-- createCampaignWithExpectedClosseDateTest -->
        <test-method is-config="true" signature="afterMethod()[pri:0, instance:com.ninza.crm.campaigntest.CreateCampaignTest@d6e7bab]" started-at="2025-09-18T17:32:16 IST" name="afterMethod" finished-at="2025-09-18T17:32:16 IST" duration-ms="1" status="PASS">
          <reporter-output>
          </reporter-output>
        </test-method> <!-- afterMethod -->
        <test-method is-config="true" signature="beforeMethod()[pri:0, instance:com.ninza.crm.campaigntest.CreateCampaignTest@d6e7bab]" started-at="2025-09-18T17:32:16 IST" name="beforeMethod" finished-at="2025-09-18T17:32:17 IST" duration-ms="1684" status="PASS">
          <reporter-output>
          </reporter-output>
        </test-method> <!-- beforeMethod -->
        <test-method signature="createCampaignWithMandatoryFieldTest()[pri:0, instance:com.ninza.crm.campaigntest.CreateCampaignTest@d6e7bab]" started-at="2025-09-18T17:32:17 IST" name="createCampaignWithMandatoryFieldTest" finished-at="2025-09-18T17:32:19 IST" duration-ms="2209" status="PASS">
          <reporter-output>
          </reporter-output>
        </test-method> <!-- createCampaignWithMandatoryFieldTest -->
        <test-method is-config="true" signature="afterMethod()[pri:0, instance:com.ninza.crm.campaigntest.CreateCampaignTest@d6e7bab]" started-at="2025-09-18T17:32:19 IST" name="afterMethod" finished-at="2025-09-18T17:32:19 IST" duration-ms="3" status="PASS">
          <reporter-output>
          </reporter-output>
        </test-method> <!-- afterMethod -->
        <test-method is-config="true" signature="afterClass()[pri:0, instance:com.ninza.crm.campaigntest.CreateCampaignTest@d6e7bab]" started-at="2025-09-18T17:32:19 IST" name="afterClass" finished-at="2025-09-18T17:32:20 IST" duration-ms="592" status="PASS">
          <reporter-output>
          </reporter-output>
        </test-method> <!-- afterClass -->
        <test-method is-config="true" signature="afterTest()[pri:0, instance:com.ninza.crm.campaigntest.CreateCampaignTest@d6e7bab]" started-at="2025-09-18T17:32:50 IST" name="afterTest" finished-at="2025-09-18T17:32:50 IST" duration-ms="2" status="PASS">
          <reporter-output>
          </reporter-output>
        </test-method> <!-- afterTest -->
      </class> <!-- com.ninza.crm.campaigntest.CreateCampaignTest -->
      <class name="com.ninza.crm.producttest.CreateProductTest">
        <test-method is-config="true" signature="beforeClass()[pri:0, instance:com.ninza.crm.producttest.CreateProductTest@1649b0e6]" started-at="2025-09-18T17:32:20 IST" name="beforeClass" finished-at="2025-09-18T17:32:24 IST" duration-ms="3809" status="PASS">
          <reporter-output>
          </reporter-output>
        </test-method> <!-- beforeClass -->
        <test-method is-config="true" signature="beforeMethod()[pri:0, instance:com.ninza.crm.producttest.CreateProductTest@1649b0e6]" started-at="2025-09-18T17:32:24 IST" name="beforeMethod" finished-at="2025-09-18T17:32:33 IST" duration-ms="9120" status="PASS">
          <reporter-output>
          </reporter-output>
        </test-method> <!-- beforeMethod -->
        <test-method signature="CreateProductWithMandatoryFieldTest()[pri:0, instance:com.ninza.crm.producttest.CreateProductTest@1649b0e6]" started-at="2025-09-18T17:32:33 IST" name="CreateProductWithMandatoryFieldTest" finished-at="2025-09-18T17:32:50 IST" duration-ms="16600" status="PASS">
          <reporter-output>
          </reporter-output>
        </test-method> <!-- CreateProductWithMandatoryFieldTest -->
        <test-method is-config="true" signature="afterMethod()[pri:0, instance:com.ninza.crm.producttest.CreateProductTest@1649b0e6]" started-at="2025-09-18T17:32:50 IST" name="afterMethod" finished-at="2025-09-18T17:32:50 IST" duration-ms="4" status="PASS">
          <reporter-output>
          </reporter-output>
        </test-method> <!-- afterMethod -->
        <test-method is-config="true" signature="afterClass()[pri:0, instance:com.ninza.crm.producttest.CreateProductTest@1649b0e6]" started-at="2025-09-18T17:32:50 IST" name="afterClass" finished-at="2025-09-18T17:32:50 IST" duration-ms="1" status="PASS">
          <reporter-output>
          </reporter-output>
        </test-method> <!-- afterClass -->
      </class> <!-- com.ninza.crm.producttest.CreateProductTest -->
    </test> <!-- Test1 -->
  </suite> <!-- Suite -->
</testng-results>
